<?xml version="1.0" encoding="UTF-8"?>
<!-- Generated by org.testng.reporters.JUnitReportReporter -->
<testsuite hostname="DESKTOP-V2N0BED" failures="0" tests="1" name="practice.Sample_javatest" time="0.043" errors="0" timestamp="2021-09-06T10:34:09 IST" skipped="0">
  <testcase classname="practice.Sample_javatest" name="m1Test" time="0.043"/>
  <system-out/>
</testsuite> <!-- practice.Sample_javatest -->
