<?xml version="1.0" encoding="UTF-8"?>
<!-- Generated by org.testng.reporters.JUnitReportReporter -->
<testsuite hostname="DESKTOP-V2N0BED" failures="0" tests="3" name="practice.DataProviderDemo" time="0.047" errors="0" timestamp="2021-09-17T16:49:29 IST" skipped="0">
  <testcase classname="practice.DataProviderDemo" name="demo" time="0.014"/>
  <system-out/>
  <testcase classname="practice.DataProviderDemo" name="demo" time="0.012"/>
  <system-out/>
  <testcase classname="practice.DataProviderDemo" name="demo" time="0.021"/>
  <system-out/>
</testsuite> <!-- practice.DataProviderDemo -->
