<?xml version="1.0" encoding="UTF-8"?>
<!-- Generated by org.testng.reporters.JUnitReportReporter -->
<testsuite hostname="DESKTOP-V2N0BED" failures="0" tests="1" name="com.crm.vtiger_Tests.TC_03_createNewOrganisation_Test" time="22.891" errors="0" timestamp="2021-09-14T13:55:04 IST" skipped="0">
  <testcase classname="com.crm.vtiger_Tests.TC_03_createNewOrganisation_Test" name="createOrganisationTest" time="22.891"/>
  <system-out/>
</testsuite> <!-- com.crm.vtiger_Tests.TC_03_createNewOrganisation_Test -->
