<?xml version="1.0" encoding="UTF-8"?>
<!-- Generated by org.testng.reporters.JUnitReportReporter -->
<testsuite hostname="DESKTOP-V2N0BED" failures="0" tests="1" name="practice.SampleMavenTest" time="0.012" errors="0" timestamp="2021-09-06T10:58:28 IST" skipped="0">
  <testcase classname="practice.SampleMavenTest" name="m1Test" time="0.012"/>
  <system-out/>
</testsuite> <!-- practice.SampleMavenTest -->
