<?xml version="1.0" encoding="UTF-8"?>
<!-- Generated by org.testng.reporters.JUnitReportReporter -->
<testsuite hostname="DESKTOP-V2N0BED" failures="0" tests="1" name="practice.XMLdata" time="0.072" errors="0" timestamp="2021-09-07T15:17:26 IST" skipped="0">
  <testcase classname="practice.XMLdata" name="xml" time="0.072"/>
  <system-out/>
</testsuite> <!-- practice.XMLdata -->
