<?xml version="1.0" encoding="UTF-8"?>
<!-- Generated by org.testng.reporters.JUnitReportReporter -->
<testsuite hostname="DESKTOP-V2N0BED" failures="0" tests="1" name="com.crm.Vtiger.CreateOrganisation.CreateOrganisationWithCopyShippingAddress_Test" time="21.408" errors="0" timestamp="2021-09-17T14:39:40 IST" skipped="0">
  <testcase classname="com.crm.Vtiger.CreateOrganisation.CreateOrganisationWithCopyShippingAddress_Test" name="CreateOrganisationTC_01_Test" time="21.408"/>
  <system-out/>
</testsuite> <!-- com.crm.Vtiger.CreateOrganisation.CreateOrganisationWithCopyShippingAddress_Test -->
