<?xml version="1.0" encoding="UTF-8"?>
<!-- Generated by org.testng.reporters.JUnitReportReporter -->
<testsuite hostname="DESKTOP-V2N0BED" failures="0" tests="1" name="com.crm.vtiger_Tests.TC_04_creatingNewProduct_Test" time="82.296" errors="0" timestamp="2021-09-11T00:06:39 IST" skipped="0">
  <testcase classname="com.crm.vtiger_Tests.TC_04_creatingNewProduct_Test" name="createProduct" time="82.296"/>
  <system-out/>
</testsuite> <!-- com.crm.vtiger_Tests.TC_04_creatingNewProduct_Test -->
