<?xml version="1.0" encoding="UTF-8"?>
<!-- Generated by org.testng.reporters.JUnitReportReporter -->
<testsuite hostname="DESKTOP-V2N0BED" failures="0" tests="1" name="com.crm.Vtiger.CreateOrganisation.CreateOrganisationWithCopyShippingAddress" time="23.192" errors="0" timestamp="2021-09-12T17:17:59 IST" skipped="0">
  <testcase classname="com.crm.Vtiger.CreateOrganisation.CreateOrganisationWithCopyShippingAddress" name="CreateOrganisation" time="23.192"/>
  <system-out/>
</testsuite> <!-- com.crm.Vtiger.CreateOrganisation.CreateOrganisationWithCopyShippingAddress -->
